Using pre-set license
Built from '2020.3/staging' branch; Version is '2020.3.48f1 (b805b124c6b7) revision 12060081'; Using compiler version '192528614'; Build Type 'Release'
OS: 'Windows 11  (10.0.22621) 64bit CoreSingleLanguage' Language: 'en' Physical Memory: 15733 MB
BatchMode: 1, IsHumanControllingUs: 0, StartBugReporterOnCrash: 0, Is64bit: 1, IsPro: 0

COMMAND LINE ARGUMENTS:
C:\Program Files\Unity\Hub\Editor\2020.3.48f1\Editor\Unity.exe
-adb2
-batchMode
-noUpm
-name
AssetImportWorker0
-projectPath
E:/Document Unity/My project
-logFile
Logs/AssetImportWorker0.log
-srvPort
49174
Successfully changed project path to: E:/Document Unity/My project
E:/Document Unity/My project
Using Asset Import Pipeline V2.
Player connection [11636] Host "[IP] 192.168.1.2 [Port] 3221442976 [Flags] 2 [Guid] 556994356 [EditorId] 556994356 [Version] 1048832 [Id] WindowsEditor(7,MSI) [Debug] 1 [PackageName] WindowsEditor [ProjectName] Editor" joined multi-casting on [225.0.0.222:54997]...

Player connection [11636] Host "[IP] 192.168.1.2 [Port] 3221442976 [Flags] 2 [Guid] 556994356 [EditorId] 556994356 [Version] 1048832 [Id] WindowsEditor(7,MSI) [Debug] 1 [PackageName] WindowsEditor [ProjectName] Editor" joined alternative multi-casting on [225.0.0.222:34997]...

Refreshing native plugins compatible for Editor in 44.47 ms, found 3 plugins.
Preloading 0 native plugins for Editor in 0.00 ms.
Initialize engine version: 2020.3.48f1 (b805b124c6b7)
[Subsystems] Discovering subsystems at path C:/Program Files/Unity/Hub/Editor/2020.3.48f1/Editor/Data/Resources/UnitySubsystems
[Subsystems] Discovering subsystems at path E:/Document Unity/My project/Assets
GfxDevice: creating device client; threaded=0
Direct3D:
    Version:  Direct3D 11.0 [level 11.1]
    Renderer: AMD Radeon(TM) Graphics (ID=0x164c)
    Vendor:   
    VRAM:     7866 MB
    Driver:   31.0.12018.5
Initialize mono
Mono path[0] = 'C:/Program Files/Unity/Hub/Editor/2020.3.48f1/Editor/Data/Managed'
Mono path[1] = 'C:/Program Files/Unity/Hub/Editor/2020.3.48f1/Editor/Data/MonoBleedingEdge/lib/mono/unityjit'
Mono config path = 'C:/Program Files/Unity/Hub/Editor/2020.3.48f1/Editor/Data/MonoBleedingEdge/etc'
Using monoOptions --debugger-agent=transport=dt_socket,embedding=1,server=y,suspend=n,address=127.0.0.1:56264
Begin MonoManager ReloadAssembly
Registering precompiled unity dll's ...
Register platform support module: C:/Program Files/Unity/Hub/Editor/2020.3.48f1/Editor/Data/PlaybackEngines/WindowsStandaloneSupport/UnityEditor.WindowsStandalone.Extensions.dll
Registered in 0.001285 seconds.
Native extension for WindowsStandalone target not found
Refreshing native plugins compatible for Editor in 43.39 ms, found 3 plugins.
Preloading 0 native plugins for Editor in 0.00 ms.
Mono: successfully reloaded assembly
- Completed reload, in  0.557 seconds
Domain Reload Profiling:
	ReloadAssembly (557ms)
		BeginReloadAssembly (57ms)
			ExecutionOrderSort (0ms)
			DisableScriptedObjects (0ms)
			BackupInstance (0ms)
			ReleaseScriptingObjects (0ms)
			CreateAndSetChildDomain (1ms)
		EndReloadAssembly (429ms)
			LoadAssemblies (55ms)
			RebuildTransferFunctionScriptingTraits (0ms)
			SetupTypeCache (143ms)
			ReleaseScriptCaches (0ms)
			RebuildScriptCaches (31ms)
			SetupLoadedEditorAssemblies (167ms)
				LogAssemblyErrors (0ms)
				InitializePlatformSupportModulesInManaged (4ms)
				SetLoadedEditorAssemblies (1ms)
				RefreshPlugins (44ms)
				BeforeProcessingInitializeOnLoad (14ms)
				ProcessInitializeOnLoadAttributes (78ms)
				ProcessInitializeOnLoadMethodAttributes (26ms)
				AfterProcessingInitializeOnLoad (0ms)
				EditorAssembliesLoaded (0ms)
			ExecutionOrderSort2 (0ms)
			AwakeInstancesAfterBackupRestoration (0ms)
Platform modules already initialized, skipping
Registering precompiled user dll's ...
Registered in 0.001850 seconds.
Begin MonoManager ReloadAssembly
Native extension for WindowsStandalone target not found
Refreshing native plugins compatible for Editor in 58.74 ms, found 3 plugins.
Preloading 0 native plugins for Editor in 0.00 ms.
Mono: successfully reloaded assembly
- Completed reload, in  1.232 seconds
Domain Reload Profiling:
	ReloadAssembly (1233ms)
		BeginReloadAssembly (148ms)
			ExecutionOrderSort (0ms)
			DisableScriptedObjects (5ms)
			BackupInstance (0ms)
			ReleaseScriptingObjects (0ms)
			CreateAndSetChildDomain (21ms)
		EndReloadAssembly (1021ms)
			LoadAssemblies (92ms)
			RebuildTransferFunctionScriptingTraits (0ms)
			SetupTypeCache (317ms)
			ReleaseScriptCaches (1ms)
			RebuildScriptCaches (51ms)
			SetupLoadedEditorAssemblies (450ms)
				LogAssemblyErrors (0ms)
				InitializePlatformSupportModulesInManaged (5ms)
				SetLoadedEditorAssemblies (0ms)
				RefreshPlugins (59ms)
				BeforeProcessingInitializeOnLoad (111ms)
				ProcessInitializeOnLoadAttributes (250ms)
				ProcessInitializeOnLoadMethodAttributes (18ms)
				AfterProcessingInitializeOnLoad (6ms)
				EditorAssembliesLoaded (0ms)
			ExecutionOrderSort2 (0ms)
			AwakeInstancesAfterBackupRestoration (3ms)
Platform modules already initialized, skipping
========================================================================
Worker process is ready to serve import requests
Launched and connected shader compiler UnityShaderCompiler.exe after 0.07 seconds
Refreshing native plugins compatible for Editor in 0.63 ms, found 3 plugins.
Preloading 0 native plugins for Editor in 0.00 ms.
Unloading 2014 Unused Serialized files (Serialized files now loaded: 0)
System memory in use before: 92.3 MB.
System memory in use after: 92.3 MB.

Unloading 27 unused Assets to reduce memory usage. Loaded Objects now: 2450.
Total: 4.492900 ms (FindLiveObjects: 0.331600 ms CreateObjectMapping: 0.103200 ms MarkObjects: 3.901400 ms  DeleteObjects: 0.155000 ms)

AssetImportParameters requested are different than current active one (requested -> active):
  custom:framework-win-MediaFoundation: 216162199b28c13a410421893ffa2e32 -> 
  custom:video-decoder-ogg-theora: a1e56fd34408186e4bbccfd4996cb3dc -> 
  custom:container-muxer-webm: aa71ff27fc2769a1b78a27578f13a17b -> 
  custom:container-demuxer-webm: 4f35f7cbe854078d1ac9338744f61a02 -> 
  custom:container-demuxer-ogg: 62fdf1f143b41e24485cea50d1cbac27 -> 
  custom:video-encoder-webm-vp8: eb34c28f22e8b96e1ab97ce403110664 -> 
  custom:video-decoder-webm-vp8: 9c59270c3fd7afecdb556c50c9e8de78 -> 
  custom:audio-decoder-ogg-vorbis: bf7c407c2cedff20999df2af8eb42d56 -> 
  custom:audio-encoder-webm-vorbis: bf7c407c2cedff20999df2af8eb42d56 -> 
========================================================================
Received Import Request.
  path: Assets/Sprites
  artifactKey: Guid(433cf77e360bde04da9475f12719a627) Importer(815301076,1909f56bfc062723c751e8b465ee728b)
Start importing Assets/Sprites using Guid(433cf77e360bde04da9475f12719a627) Importer(815301076,1909f56bfc062723c751e8b465ee728b)  -> (artifact id: '9de534a81b462d194b5f2182dd137d6f') in 0.011415 seconds 
========================================================================
Received Import Request.
  Time since last request: 2.011188 seconds.
  path: Assets/Sprites/Enemies/Behemoth/behemoth-attack1_00.png
  artifactKey: Guid(079f62edf2a2d845b585cab09b7d3bd9) Importer(815301076,1909f56bfc062723c751e8b465ee728b)
Start importing Assets/Sprites/Enemies/Behemoth/behemoth-attack1_00.png using Guid(079f62edf2a2d845b585cab09b7d3bd9) Importer(815301076,1909f56bfc062723c751e8b465ee728b)  -> (artifact id: '861245bec50e165d2a18b551f81d1f18') in 0.092664 seconds 
========================================================================
Received Import Request.
  Time since last request: 1.003756 seconds.
  path: Assets/Sprites/Enemies/Behemoth/behemoth-attack1_01.png
  artifactKey: Guid(ef6a72986aef6d06449804ba427353af) Importer(815301076,1909f56bfc062723c751e8b465ee728b)
Start importing Assets/Sprites/Enemies/Behemoth/behemoth-attack1_01.png using Guid(ef6a72986aef6d06449804ba427353af) Importer(815301076,1909f56bfc062723c751e8b465ee728b)  -> (artifact id: '57e4dfba67a74c3e57dd8ca336feed8b') in 0.026841 seconds 
========================================================================
Received Import Request.
  Time since last request: 1.073014 seconds.
  path: Assets/Sprites/Enemies/Behemoth/behemoth-attack1_02.png
  artifactKey: Guid(f7cfe43def898ed0289198a3eaf234bf) Importer(815301076,1909f56bfc062723c751e8b465ee728b)
Start importing Assets/Sprites/Enemies/Behemoth/behemoth-attack1_02.png using Guid(f7cfe43def898ed0289198a3eaf234bf) Importer(815301076,1909f56bfc062723c751e8b465ee728b)  -> (artifact id: 'c66c07ed421ac2e0424db6b4c2b137a1') in 0.015650 seconds 
========================================================================
Received Import Request.
  Time since last request: 0.549189 seconds.
  path: Assets/Sprites/Enemies/Behemoth/behemoth-attack1_03.png
  artifactKey: Guid(1fe2fd6303849dea85b18e272dc322ea) Importer(815301076,1909f56bfc062723c751e8b465ee728b)
Start importing Assets/Sprites/Enemies/Behemoth/behemoth-attack1_03.png using Guid(1fe2fd6303849dea85b18e272dc322ea) Importer(815301076,1909f56bfc062723c751e8b465ee728b)  -> (artifact id: '986514fbf64c1fe62a7c4ca9474510b1') in 0.015433 seconds 
========================================================================
Received Import Request.
  Time since last request: 0.396113 seconds.
  path: Assets/Sprites/Enemies/Behemoth/behemoth-attack1_05.png
  artifactKey: Guid(de88aed34051a298ce897250a894e29d) Importer(815301076,1909f56bfc062723c751e8b465ee728b)
Start importing Assets/Sprites/Enemies/Behemoth/behemoth-attack1_05.png using Guid(de88aed34051a298ce897250a894e29d) Importer(815301076,1909f56bfc062723c751e8b465ee728b)  -> (artifact id: '30129ad5507d2c9786afa9c53f878c84') in 0.015450 seconds 
========================================================================
Received Import Request.
  Time since last request: 59.927956 seconds.
  path: Assets/Sprites/Enemies/Robot/skeleton-Death_0.png
  artifactKey: Guid(3dd40e67bb914aa81e712484470b4421) Importer(815301076,1909f56bfc062723c751e8b465ee728b)
Start importing Assets/Sprites/Enemies/Robot/skeleton-Death_0.png using Guid(3dd40e67bb914aa81e712484470b4421) Importer(815301076,1909f56bfc062723c751e8b465ee728b)  -> (artifact id: '438362b6c2612302631428334ceec5c3') in 0.017652 seconds 
========================================================================
Received Import Request.
  Time since last request: 2.029478 seconds.
  path: Assets/Sprites/Enemies/Robot/skeleton-Death_8.png
  artifactKey: Guid(cedc2d37e62b6fc3ae459cfc3ad885df) Importer(815301076,1909f56bfc062723c751e8b465ee728b)
Start importing Assets/Sprites/Enemies/Robot/skeleton-Death_8.png using Guid(cedc2d37e62b6fc3ae459cfc3ad885df) Importer(815301076,1909f56bfc062723c751e8b465ee728b)  -> (artifact id: '39f0356ce6cc84da3904099f03580f7b') in 0.020865 seconds 
========================================================================
Received Import Request.
  Time since last request: 0.332734 seconds.
  path: Assets/Sprites/Enemies/Robot/skeleton-Death_14.png
  artifactKey: Guid(1d1e9b6392e6965482b96f8f1cfdf3c5) Importer(815301076,1909f56bfc062723c751e8b465ee728b)
Start importing Assets/Sprites/Enemies/Robot/skeleton-Death_14.png using Guid(1d1e9b6392e6965482b96f8f1cfdf3c5) Importer(815301076,1909f56bfc062723c751e8b465ee728b)  -> (artifact id: '8d618efc173f7b18f92f94e09e03ec70') in 0.018797 seconds 
========================================================================
Received Import Request.
  Time since last request: 4.678776 seconds.
  path: Assets/Sprites/Player/Ninja.psd
  artifactKey: Guid(bac1d719a020a5815fe18938278134f2) Importer(815301076,1909f56bfc062723c751e8b465ee728b)
Start importing Assets/Sprites/Player/Ninja.psd using Guid(bac1d719a020a5815fe18938278134f2) Importer(815301076,1909f56bfc062723c751e8b465ee728b)  -> (artifact id: '237474a0645bcebed833543d6d6564d9') in 0.038551 seconds 
========================================================================
Received Import Request.
  Time since last request: 27.198695 seconds.
  path: Assets/Sprites/Player/Ninja.psd
  artifactKey: Guid(bac1d719a020a5815fe18938278134f2) Importer(815301076,1909f56bfc062723c751e8b465ee728b)
Start importing Assets/Sprites/Player/Ninja.psd using Guid(bac1d719a020a5815fe18938278134f2) Importer(815301076,1909f56bfc062723c751e8b465ee728b)  -> (artifact id: 'c47643064c2d28e7cd1ea5791b6c7a00') in 0.013211 seconds 
========================================================================
Received Import Request.
  Time since last request: 65.696673 seconds.
  path: Assets/Sprites/Player
  artifactKey: Guid(0aa1c81d34bf4534e859371ae0d1eeda) Importer(815301076,1909f56bfc062723c751e8b465ee728b)
Start importing Assets/Sprites/Player using Guid(0aa1c81d34bf4534e859371ae0d1eeda) Importer(815301076,1909f56bfc062723c751e8b465ee728b)  -> (artifact id: '789c2112ce02313adbab8de12440277f') in 0.008125 seconds 
========================================================================
Received Import Request.
  Time since last request: 4.530574 seconds.
  path: Assets/Sprites/Environment
  artifactKey: Guid(76346df721be59147a383dce856559b6) Importer(815301076,1909f56bfc062723c751e8b465ee728b)
Start importing Assets/Sprites/Environment using Guid(76346df721be59147a383dce856559b6) Importer(815301076,1909f56bfc062723c751e8b465ee728b)  -> (artifact id: '88e7f93a9eda234ae8b09d1404264172') in 0.007366 seconds 
========================================================================
Received Import Request.
  Time since last request: 5.545764 seconds.
  path: Assets/Sprites/Other/Coin.png
  artifactKey: Guid(3cd9db33f62818d6daa9e576be6f67b3) Importer(815301076,1909f56bfc062723c751e8b465ee728b)
Start importing Assets/Sprites/Other/Coin.png using Guid(3cd9db33f62818d6daa9e576be6f67b3) Importer(815301076,1909f56bfc062723c751e8b465ee728b)  -> (artifact id: '74b6fc8783170a09fb22c514a194cdf9') in 0.015948 seconds 
========================================================================
Received Import Request.
  Time since last request: 3.535653 seconds.
  path: Assets/Sprites/Enemies/Robot/skeleton-Death_2.png
  artifactKey: Guid(ec801baee4a55866484829f72fd269cb) Importer(815301076,1909f56bfc062723c751e8b465ee728b)
Start importing Assets/Sprites/Enemies/Robot/skeleton-Death_2.png using Guid(ec801baee4a55866484829f72fd269cb) Importer(815301076,1909f56bfc062723c751e8b465ee728b)  -> (artifact id: '9c722d73f86dc1a0cbe31a78db9f6a6e') in 0.015312 seconds 
========================================================================
Received Import Request.
  Time since last request: 0.453834 seconds.
  path: Assets/Sprites/Enemies/Robot/skeleton-Death_4.png
  artifactKey: Guid(8d70236898083e05fa48a669b77fc4f6) Importer(815301076,1909f56bfc062723c751e8b465ee728b)
Start importing Assets/Sprites/Enemies/Robot/skeleton-Death_4.png using Guid(8d70236898083e05fa48a669b77fc4f6) Importer(815301076,1909f56bfc062723c751e8b465ee728b)  -> (artifact id: '6949d2fc47d88a215faa9d4258d7c63d') in 0.020601 seconds 
========================================================================
Received Import Request.
  Time since last request: 0.913721 seconds.
  path: Assets/Sprites/Enemies/Robot/skeleton-GetHit_10.png
  artifactKey: Guid(9f7d6ae5a392b52a16bae5aaf3fee3ca) Importer(815301076,1909f56bfc062723c751e8b465ee728b)
Start importing Assets/Sprites/Enemies/Robot/skeleton-GetHit_10.png using Guid(9f7d6ae5a392b52a16bae5aaf3fee3ca) Importer(815301076,1909f56bfc062723c751e8b465ee728b)  -> (artifact id: 'd46f5c70e26cba009cb69a660dd75a9f') in 0.017323 seconds 
========================================================================
Received Import Request.
  Time since last request: 2.774501 seconds.
  path: Assets/Sprites/Enemies/Robot
  artifactKey: Guid(656cd0d7313b23c46a2dcc8f08803ab4) Importer(815301076,1909f56bfc062723c751e8b465ee728b)
Start importing Assets/Sprites/Enemies/Robot using Guid(656cd0d7313b23c46a2dcc8f08803ab4) Importer(815301076,1909f56bfc062723c751e8b465ee728b)  -> (artifact id: 'd04cf5cba97ef7672b9a9bc994b97d95') in 0.006985 seconds 
========================================================================
Received Import Request.
  Time since last request: 1.559411 seconds.
  path: Assets/Sprites/Enemies/Monster-7 Fly/Monster-7 Fly0000.png
  artifactKey: Guid(7f6663874dece8c2cb0c2df4ee677dca) Importer(815301076,1909f56bfc062723c751e8b465ee728b)
Start importing Assets/Sprites/Enemies/Monster-7 Fly/Monster-7 Fly0000.png using Guid(7f6663874dece8c2cb0c2df4ee677dca) Importer(815301076,1909f56bfc062723c751e8b465ee728b)  -> (artifact id: 'fa1a4dd2addaffa99494773831fe091d') in 0.019048 seconds 
========================================================================
Received Import Request.
  Time since last request: 6.326927 seconds.
  path: Assets/Sprites/Enemies/Worm Spawner/skeleton-Attack_00.png
  artifactKey: Guid(d5ee832be7906acade142bc8aa153765) Importer(815301076,1909f56bfc062723c751e8b465ee728b)
Start importing Assets/Sprites/Enemies/Worm Spawner/skeleton-Attack_00.png using Guid(d5ee832be7906acade142bc8aa153765) Importer(815301076,1909f56bfc062723c751e8b465ee728b)  -> (artifact id: '86a7542bdb3c67c0c125e894133c24b6') in 0.024340 seconds 
========================================================================
Received Import Request.
  Time since last request: 20.468372 seconds.
  path: Assets/Sprites/Environment/Lava
  artifactKey: Guid(31c6174571cf34a4cba76d0b3a432e4a) Importer(815301076,1909f56bfc062723c751e8b465ee728b)
Start importing Assets/Sprites/Environment/Lava using Guid(31c6174571cf34a4cba76d0b3a432e4a) Importer(815301076,1909f56bfc062723c751e8b465ee728b)  -> (artifact id: '9fa41fe906fe86641f8a9601b88ad5db') in 0.007802 seconds 
========================================================================
Received Import Request.
  Time since last request: 1.796797 seconds.
  path: Assets/Sprites/Environment/Lava/bg
  artifactKey: Guid(142282532f29dcc4b959255c5fc0e033) Importer(815301076,1909f56bfc062723c751e8b465ee728b)
Start importing Assets/Sprites/Environment/Lava/bg using Guid(142282532f29dcc4b959255c5fc0e033) Importer(815301076,1909f56bfc062723c751e8b465ee728b)  -> (artifact id: 'd014c782e315ec02bbad352e48dc4320') in 0.007271 seconds 
========================================================================
Received Import Request.
  Time since last request: 1.290245 seconds.
  path: Assets/Sprites/Environment/Lava/bg/bg.png
  artifactKey: Guid(24090f614b3474be829aaa15041c1750) Importer(815301076,1909f56bfc062723c751e8b465ee728b)
Start importing Assets/Sprites/Environment/Lava/bg/bg.png using Guid(24090f614b3474be829aaa15041c1750) Importer(815301076,1909f56bfc062723c751e8b465ee728b)  -> (artifact id: 'd93c661d3ebaf0d524b852ef4a1cd8d0') in 0.016083 seconds 
========================================================================
Received Import Request.
  Time since last request: 0.577615 seconds.
  path: Assets/Sprites/Environment/Lava/bg/fg.png
  artifactKey: Guid(47be734de8bee79ef3859c2ced17e1eb) Importer(815301076,1909f56bfc062723c751e8b465ee728b)
Start importing Assets/Sprites/Environment/Lava/bg/fg.png using Guid(47be734de8bee79ef3859c2ced17e1eb) Importer(815301076,1909f56bfc062723c751e8b465ee728b)  -> (artifact id: '5cb16f908c23d83e28867247964a8f2b') in 0.023006 seconds 
========================================================================
Received Import Request.
  Time since last request: 0.599282 seconds.
  path: Assets/Sprites/Environment/Lava/bg/mg.png
  artifactKey: Guid(1eb016881de5b2a8b2c77a9a2797b869) Importer(815301076,1909f56bfc062723c751e8b465ee728b)
Start importing Assets/Sprites/Environment/Lava/bg/mg.png using Guid(1eb016881de5b2a8b2c77a9a2797b869) Importer(815301076,1909f56bfc062723c751e8b465ee728b)  -> (artifact id: '5027e354620eb76debe6f8504f9a8023') in 0.020573 seconds 
========================================================================
Received Import Request.
  Time since last request: 1.259909 seconds.
  path: Assets/Sprites/Environment/Lava/bg/sky.png
  artifactKey: Guid(90ed865feb8537115cb54ed6f456f5e8) Importer(815301076,1909f56bfc062723c751e8b465ee728b)
Start importing Assets/Sprites/Environment/Lava/bg/sky.png using Guid(90ed865feb8537115cb54ed6f456f5e8) Importer(815301076,1909f56bfc062723c751e8b465ee728b)  -> (artifact id: 'ea37346882367375e77e4220f3fd3707') in 0.027696 seconds 
========================================================================
Received Import Request.
  Time since last request: 10.779297 seconds.
  path: Assets/Sprites/Environment/Lava/Tile/Lava (1).png
  artifactKey: Guid(6553f0ebbb9e02d0348097ff33bc7203) Importer(815301076,1909f56bfc062723c751e8b465ee728b)
Start importing Assets/Sprites/Environment/Lava/Tile/Lava (1).png using Guid(6553f0ebbb9e02d0348097ff33bc7203) Importer(815301076,1909f56bfc062723c751e8b465ee728b)  -> (artifact id: '89fe9fbb74771a86eeed97f9e3417632') in 0.016429 seconds 
========================================================================
Received Import Request.
  Time since last request: 1.925057 seconds.
  path: Assets/Sprites/Environment/Lava/Tile/Lava (2).png
  artifactKey: Guid(6dedb98493ef7a22b9890599633524d7) Importer(815301076,1909f56bfc062723c751e8b465ee728b)
Start importing Assets/Sprites/Environment/Lava/Tile/Lava (2).png using Guid(6dedb98493ef7a22b9890599633524d7) Importer(815301076,1909f56bfc062723c751e8b465ee728b)  -> (artifact id: '268dca925024c4390a60a7df05549ec0') in 0.014779 seconds 
========================================================================
Received Import Request.
  Time since last request: 11.149093 seconds.
  path: Assets/Sprites/Environment/Platform Forest
  artifactKey: Guid(aaf569fef08eaa64498ab783d41b8610) Importer(815301076,1909f56bfc062723c751e8b465ee728b)
Start importing Assets/Sprites/Environment/Platform Forest using Guid(aaf569fef08eaa64498ab783d41b8610) Importer(815301076,1909f56bfc062723c751e8b465ee728b)  -> (artifact id: '405095659e219d73f08c92ea94c41129') in 0.007918 seconds 
========================================================================
Received Import Request.
  Time since last request: 591.365468 seconds.
  path: ProjectSettings/TagManager.asset
  artifactKey: Guid(00000000000000003000000000000000) Importer(815301076,1909f56bfc062723c751e8b465ee728b)
Start importing ProjectSettings/TagManager.asset using Guid(00000000000000003000000000000000) Importer(815301076,1909f56bfc062723c751e8b465ee728b)  -> (artifact id: '95df672b4aaba54310d34c83eef51bb8') in 0.010016 seconds 
========================================================================
Received Import Request.
  Time since last request: 86.007136 seconds.
  path: Assets/Sprites/Enemies/Behemoth/behemoth-attack1_16.png
  artifactKey: Guid(f0b4a1750bf57840a25a25e0f00ff4d8) Importer(815301076,1909f56bfc062723c751e8b465ee728b)
Start importing Assets/Sprites/Enemies/Behemoth/behemoth-attack1_16.png using Guid(f0b4a1750bf57840a25a25e0f00ff4d8) Importer(815301076,1909f56bfc062723c751e8b465ee728b)  -> (artifact id: 'e3bc5911b9b71218677da036fc0cb74a') in 0.024201 seconds 
========================================================================
Received Import Request.
  Time since last request: 5.052231 seconds.
  path: Assets/Sprites/Enemies/Behemoth/behemoth-idle_01.png
  artifactKey: Guid(71d8182738b6a6363052325c0c1dee8a) Importer(815301076,1909f56bfc062723c751e8b465ee728b)
Start importing Assets/Sprites/Enemies/Behemoth/behemoth-idle_01.png using Guid(71d8182738b6a6363052325c0c1dee8a) Importer(815301076,1909f56bfc062723c751e8b465ee728b)  -> (artifact id: '92f561f72a75db1c969916322a9b7b7e') in 0.024266 seconds 
========================================================================
Received Import Request.
  Time since last request: 71.855837 seconds.
  path: Assets/Sprites/Other/Asset 1.psd
  artifactKey: Guid(1ac4ba8e866e364024536d2449417e11) Importer(815301076,1909f56bfc062723c751e8b465ee728b)
Start importing Assets/Sprites/Other/Asset 1.psd using Guid(1ac4ba8e866e364024536d2449417e11) Importer(815301076,1909f56bfc062723c751e8b465ee728b)  -> (artifact id: '7c438f73fb2d6353da38463f2a2dd23b') in 0.034946 seconds 
========================================================================
Received Import Request.
  Time since last request: 1.668175 seconds.
  path: Assets/Sprites/Other/bullet.png
  artifactKey: Guid(5924352e2bfda0e4acbb542a86ec4a9f) Importer(815301076,1909f56bfc062723c751e8b465ee728b)
Start importing Assets/Sprites/Other/bullet.png using Guid(5924352e2bfda0e4acbb542a86ec4a9f) Importer(815301076,1909f56bfc062723c751e8b465ee728b)  -> (artifact id: 'c262a5f6f503712e99e19e2a62529ebc') in 0.031778 seconds 
========================================================================
Received Import Request.
  Time since last request: 1.659836 seconds.
  path: Assets/Sprites/Other/dot.psd
  artifactKey: Guid(17ecc1e2245b69b1611de0c0169687fe) Importer(815301076,1909f56bfc062723c751e8b465ee728b)
Start importing Assets/Sprites/Other/dot.psd using Guid(17ecc1e2245b69b1611de0c0169687fe) Importer(815301076,1909f56bfc062723c751e8b465ee728b)  -> (artifact id: 'b6f423b494c353750bce71c291e8d244') in 0.014030 seconds 
========================================================================
Received Import Request.
  Time since last request: 22.422676 seconds.
  path: Assets/Sprites/Other/Coin.png
  artifactKey: Guid(3cd9db33f62818d6daa9e576be6f67b3) Importer(815301076,1909f56bfc062723c751e8b465ee728b)
Start importing Assets/Sprites/Other/Coin.png using Guid(3cd9db33f62818d6daa9e576be6f67b3) Importer(815301076,1909f56bfc062723c751e8b465ee728b)  -> (artifact id: '71689273670d5e305eed97b3af672fae') in 0.010908 seconds 
========================================================================
Received Import Request.
  Time since last request: 28.138638 seconds.
  path: Assets/Sprites/Other/Coin.png
  artifactKey: Guid(3cd9db33f62818d6daa9e576be6f67b3) Importer(815301076,1909f56bfc062723c751e8b465ee728b)
Start importing Assets/Sprites/Other/Coin.png using Guid(3cd9db33f62818d6daa9e576be6f67b3) Importer(815301076,1909f56bfc062723c751e8b465ee728b)  -> (artifact id: 'c163057f13f4fd0a83784fb069ac8b9e') in 0.049782 seconds 
========================================================================
Received Import Request.
  Time since last request: 32.708647 seconds.
  path: Assets/Sprites/Other/Coin.png
  artifactKey: Guid(3cd9db33f62818d6daa9e576be6f67b3) Importer(815301076,1909f56bfc062723c751e8b465ee728b)
Start importing Assets/Sprites/Other/Coin.png using Guid(3cd9db33f62818d6daa9e576be6f67b3) Importer(815301076,1909f56bfc062723c751e8b465ee728b)  -> (artifact id: '140c43afa6c1fa453ac1d74935335dd0') in 0.047898 seconds 
========================================================================
Received Import Request.
  Time since last request: 4.934561 seconds.
  path: Assets/Sprites/Other/Effect.psd
  artifactKey: Guid(9592ca031d9cb01d05642f27198835d0) Importer(815301076,1909f56bfc062723c751e8b465ee728b)
Start importing Assets/Sprites/Other/Effect.psd using Guid(9592ca031d9cb01d05642f27198835d0) Importer(815301076,1909f56bfc062723c751e8b465ee728b)  -> (artifact id: '5521a995272d47f863f6b2f3f5106acc') in 0.020368 seconds 
========================================================================
Received Import Request.
  Time since last request: 1.188399 seconds.
  path: Assets/Sprites/Other/Forceground 1.psd
  artifactKey: Guid(e3cd54d9160245e8e4c1069c552550ce) Importer(815301076,1909f56bfc062723c751e8b465ee728b)
Start importing Assets/Sprites/Other/Forceground 1.psd using Guid(e3cd54d9160245e8e4c1069c552550ce) Importer(815301076,1909f56bfc062723c751e8b465ee728b)  -> (artifact id: '010ae5939a266826298f2731bfb260fb') in 0.027758 seconds 
========================================================================
Received Import Request.
  Time since last request: 38.844465 seconds.
  path: Assets/Sprites/Environment/Platform Forest/background 2
  artifactKey: Guid(c160a7a5a780d0a4398ac582ee50ecbf) Importer(815301076,1909f56bfc062723c751e8b465ee728b)
Start importing Assets/Sprites/Environment/Platform Forest/background 2 using Guid(c160a7a5a780d0a4398ac582ee50ecbf) Importer(815301076,1909f56bfc062723c751e8b465ee728b)  -> (artifact id: '9a19d097f3e5833ad376d19eeadd3c30') in 0.006894 seconds 
========================================================================
Received Import Request.
  Time since last request: 65.791341 seconds.
  path: Assets/Sprites/Other/6.png
  artifactKey: Guid(52ebd1262c0b7ff57e0a386c000b94cd) Importer(815301076,1909f56bfc062723c751e8b465ee728b)
Start importing Assets/Sprites/Other/6.png using Guid(52ebd1262c0b7ff57e0a386c000b94cd) Importer(815301076,1909f56bfc062723c751e8b465ee728b)  -> (artifact id: 'ce91767dc0e12aa657f97600a687960e') in 0.021375 seconds 
========================================================================
Received Import Request.
  Time since last request: 2.913287 seconds.
  path: Assets/Sprites/Other/Cannon.png
  artifactKey: Guid(69594e8ec5ccdae0fc2fd66529ed95ce) Importer(815301076,1909f56bfc062723c751e8b465ee728b)
Start importing Assets/Sprites/Other/Cannon.png using Guid(69594e8ec5ccdae0fc2fd66529ed95ce) Importer(815301076,1909f56bfc062723c751e8b465ee728b)  -> (artifact id: 'aca0d3da780b061f64c2d24e6738f960') in 0.024536 seconds 
========================================================================
Received Import Request.
  Time since last request: 333.383587 seconds.
  path: Assets/Sprites/Environment/Lava/Tileable Objects/Ladder (2).png
  artifactKey: Guid(e9059e2c043358847135eb9076fe6218) Importer(815301076,1909f56bfc062723c751e8b465ee728b)
Start importing Assets/Sprites/Environment/Lava/Tileable Objects/Ladder (2).png using Guid(e9059e2c043358847135eb9076fe6218) Importer(815301076,1909f56bfc062723c751e8b465ee728b)  -> (artifact id: '18811006e7773a985e3668877f53c3d9') in 0.018890 seconds 
========================================================================
Received Prepare
Registering precompiled user dll's ...
Registered in 0.001723 seconds.
Begin MonoManager ReloadAssembly
Native extension for WindowsStandalone target not found
Refreshing native plugins compatible for Editor in 0.56 ms, found 3 plugins.
Preloading 0 native plugins for Editor in 0.00 ms.
Invalid AssetDatabase path: /Editor/EditorResources/cm_logo_sm.png. Use path relative to the project folder.
UnityEngine.StackTraceUtility:ExtractStackTrace ()
UnityEditor.AssetDatabase:LoadAssetAtPath<UnityEngine.Texture2D> (string)
Cinemachine.Editor.CinemachineSettings:get_CinemachineLogoTexture () (at Library/PackageCache/com.unity.cinemachine@2.6.17/Editor/Windows/CinemachineSettings.cs:205)
Cinemachine.Editor.CinemachineSettings:.cctor () (at Library/PackageCache/com.unity.cinemachine@2.6.17/Editor/Windows/CinemachineSettings.cs:261)
Cinemachine.CinemachineColliderPrefs:.cctor () (at Library/PackageCache/com.unity.cinemachine@2.6.17/Editor/Windows/CinemachineColliderPrefs.cs:61)
System.Runtime.CompilerServices.RuntimeHelpers:RunClassConstructor (System.RuntimeTypeHandle)
UnityEditor.EditorAssemblies:ProcessInitializeOnLoadAttributes (System.Type[])

[Library/PackageCache/com.unity.cinemachine@2.6.17/Editor/Windows/CinemachineSettings.cs line 205]

Invalid AssetDatabase path: /Editor/EditorResources/cm_logo_sm.png. Use path relative to the project folder.
UnityEngine.StackTraceUtility:ExtractStackTrace ()
UnityEditor.AssetDatabase:LoadAssetAtPath<UnityEngine.Texture2D> (string)
Cinemachine.Editor.CinemachineSettings:get_CinemachineLogoTexture () (at Library/PackageCache/com.unity.cinemachine@2.6.17/Editor/Windows/CinemachineSettings.cs:205)
Cinemachine.Editor.CinemachineSettings:OnPackageLoadedInEditor () (at Library/PackageCache/com.unity.cinemachine@2.6.17/Editor/Windows/CinemachineSettings.cs:246)
System.Reflection.MonoMethod:Invoke (object,System.Reflection.BindingFlags,System.Reflection.Binder,object[],System.Globalization.CultureInfo)
System.Reflection.MethodBase:Invoke (object,object[])
UnityEditor.EditorAssemblies:ProcessInitializeOnLoadMethodAttributes ()

[Library/PackageCache/com.unity.cinemachine@2.6.17/Editor/Windows/CinemachineSettings.cs line 205]

Mono: successfully reloaded assembly
- Completed reload, in  0.910 seconds
Domain Reload Profiling:
	ReloadAssembly (911ms)
		BeginReloadAssembly (111ms)
			ExecutionOrderSort (0ms)
			DisableScriptedObjects (6ms)
			BackupInstance (0ms)
			ReleaseScriptingObjects (0ms)
			CreateAndSetChildDomain (37ms)
		EndReloadAssembly (742ms)
			LoadAssemblies (83ms)
			RebuildTransferFunctionScriptingTraits (0ms)
			SetupTypeCache (269ms)
			ReleaseScriptCaches (1ms)
			RebuildScriptCaches (41ms)
			SetupLoadedEditorAssemblies (275ms)
				LogAssemblyErrors (0ms)
				InitializePlatformSupportModulesInManaged (4ms)
				SetLoadedEditorAssemblies (0ms)
				RefreshPlugins (1ms)
				BeforeProcessingInitializeOnLoad (74ms)
				ProcessInitializeOnLoadAttributes (182ms)
				ProcessInitializeOnLoadMethodAttributes (11ms)
				AfterProcessingInitializeOnLoad (4ms)
				EditorAssembliesLoaded (0ms)
			ExecutionOrderSort2 (0ms)
			AwakeInstancesAfterBackupRestoration (3ms)
Platform modules already initialized, skipping
Refreshing native plugins compatible for Editor in 0.54 ms, found 3 plugins.
Preloading 0 native plugins for Editor in 0.00 ms.
Unloading 2152 Unused Serialized files (Serialized files now loaded: 0)
System memory in use before: 99.7 MB.
System memory in use after: 99.8 MB.

Unloading 18 unused Assets to reduce memory usage. Loaded Objects now: 2642.
Total: 3.430000 ms (FindLiveObjects: 0.220900 ms CreateObjectMapping: 0.056300 ms MarkObjects: 3.051100 ms  DeleteObjects: 0.100300 ms)

AssetImportParameters requested are different than current active one (requested -> active):
  custom:framework-win-MediaFoundation: 216162199b28c13a410421893ffa2e32 -> 
  custom:video-decoder-ogg-theora: a1e56fd34408186e4bbccfd4996cb3dc -> 
  custom:container-muxer-webm: aa71ff27fc2769a1b78a27578f13a17b -> 
  custom:container-demuxer-webm: 4f35f7cbe854078d1ac9338744f61a02 -> 
  custom:container-demuxer-ogg: 62fdf1f143b41e24485cea50d1cbac27 -> 
  custom:video-encoder-webm-vp8: eb34c28f22e8b96e1ab97ce403110664 -> 
  custom:video-decoder-webm-vp8: 9c59270c3fd7afecdb556c50c9e8de78 -> 
  custom:audio-decoder-ogg-vorbis: bf7c407c2cedff20999df2af8eb42d56 -> 
  custom:audio-encoder-webm-vorbis: bf7c407c2cedff20999df2af8eb42d56 -> 
========================================================================
Received Prepare
Registering precompiled user dll's ...
Registered in 0.001643 seconds.
Begin MonoManager ReloadAssembly
Native extension for WindowsStandalone target not found
Refreshing native plugins compatible for Editor in 0.57 ms, found 3 plugins.
Preloading 0 native plugins for Editor in 0.00 ms.
Mono: successfully reloaded assembly
- Completed reload, in  0.913 seconds
Domain Reload Profiling:
	ReloadAssembly (914ms)
		BeginReloadAssembly (102ms)
			ExecutionOrderSort (0ms)
			DisableScriptedObjects (5ms)
			BackupInstance (0ms)
			ReleaseScriptingObjects (0ms)
			CreateAndSetChildDomain (35ms)
		EndReloadAssembly (758ms)
			LoadAssemblies (81ms)
			RebuildTransferFunctionScriptingTraits (0ms)
			SetupTypeCache (272ms)
			ReleaseScriptCaches (1ms)
			RebuildScriptCaches (43ms)
			SetupLoadedEditorAssemblies (286ms)
				LogAssemblyErrors (0ms)
				InitializePlatformSupportModulesInManaged (4ms)
				SetLoadedEditorAssemblies (0ms)
				RefreshPlugins (1ms)
				BeforeProcessingInitializeOnLoad (71ms)
				ProcessInitializeOnLoadAttributes (196ms)
				ProcessInitializeOnLoadMethodAttributes (10ms)
				AfterProcessingInitializeOnLoad (4ms)
				EditorAssembliesLoaded (0ms)
			ExecutionOrderSort2 (0ms)
			AwakeInstancesAfterBackupRestoration (3ms)
Platform modules already initialized, skipping
Refreshing native plugins compatible for Editor in 0.55 ms, found 3 plugins.
Preloading 0 native plugins for Editor in 0.00 ms.
Unloading 2155 Unused Serialized files (Serialized files now loaded: 0)
System memory in use before: 99.9 MB.
System memory in use after: 100.0 MB.

Unloading 18 unused Assets to reduce memory usage. Loaded Objects now: 2648.
Total: 3.901100 ms (FindLiveObjects: 0.265200 ms CreateObjectMapping: 0.113100 ms MarkObjects: 3.414800 ms  DeleteObjects: 0.106500 ms)

AssetImportParameters requested are different than current active one (requested -> active):
  custom:framework-win-MediaFoundation: 216162199b28c13a410421893ffa2e32 -> 
  custom:video-decoder-ogg-theora: a1e56fd34408186e4bbccfd4996cb3dc -> 
  custom:container-muxer-webm: aa71ff27fc2769a1b78a27578f13a17b -> 
  custom:container-demuxer-webm: 4f35f7cbe854078d1ac9338744f61a02 -> 
  custom:container-demuxer-ogg: 62fdf1f143b41e24485cea50d1cbac27 -> 
  custom:video-encoder-webm-vp8: eb34c28f22e8b96e1ab97ce403110664 -> 
  custom:video-decoder-webm-vp8: 9c59270c3fd7afecdb556c50c9e8de78 -> 
  custom:audio-decoder-ogg-vorbis: bf7c407c2cedff20999df2af8eb42d56 -> 
  custom:audio-encoder-webm-vorbis: bf7c407c2cedff20999df2af8eb42d56 -> 
========================================================================
Received Import Request.
  Time since last request: 377.833927 seconds.
  path: Assets/Bandits - Pixel Art/Sprites/EnvironmentTiles.png
  artifactKey: Guid(e10f9fe96b3acda42b06f252bba789de) Importer(815301076,1909f56bfc062723c751e8b465ee728b)
Start importing Assets/Bandits - Pixel Art/Sprites/EnvironmentTiles.png using Guid(e10f9fe96b3acda42b06f252bba789de) Importer(815301076,1909f56bfc062723c751e8b465ee728b)  -> (artifact id: 'b2b895c9830f029ee7f48abb9904f3c4') in 0.061386 seconds 
========================================================================
Received Import Request.
  Time since last request: 1.147791 seconds.
  path: Assets/Bandits - Pixel Art/Sprites/HeavyBandit.png
  artifactKey: Guid(317b8365a4649ab459f6cb58ec8f9f18) Importer(815301076,1909f56bfc062723c751e8b465ee728b)
Start importing Assets/Bandits - Pixel Art/Sprites/HeavyBandit.png using Guid(317b8365a4649ab459f6cb58ec8f9f18) Importer(815301076,1909f56bfc062723c751e8b465ee728b)  -> (artifact id: 'c11d884fc37bca980b850406c52d709d') in 0.110481 seconds 
========================================================================
Received Prepare
Registering precompiled user dll's ...
Registered in 0.001965 seconds.
Begin MonoManager ReloadAssembly
Native extension for WindowsStandalone target not found
Refreshing native plugins compatible for Editor in 0.55 ms, found 3 plugins.
Preloading 0 native plugins for Editor in 0.00 ms.
Mono: successfully reloaded assembly
- Completed reload, in  0.865 seconds
Domain Reload Profiling:
	ReloadAssembly (865ms)
		BeginReloadAssembly (104ms)
			ExecutionOrderSort (0ms)
			DisableScriptedObjects (7ms)
			BackupInstance (0ms)
			ReleaseScriptingObjects (0ms)
			CreateAndSetChildDomain (35ms)
		EndReloadAssembly (709ms)
			LoadAssemblies (78ms)
			RebuildTransferFunctionScriptingTraits (0ms)
			SetupTypeCache (247ms)
			ReleaseScriptCaches (1ms)
			RebuildScriptCaches (42ms)
			SetupLoadedEditorAssemblies (271ms)
				LogAssemblyErrors (0ms)
				InitializePlatformSupportModulesInManaged (4ms)
				SetLoadedEditorAssemblies (0ms)
				RefreshPlugins (1ms)
				BeforeProcessingInitializeOnLoad (70ms)
				ProcessInitializeOnLoadAttributes (183ms)
				ProcessInitializeOnLoadMethodAttributes (10ms)
				AfterProcessingInitializeOnLoad (4ms)
				EditorAssembliesLoaded (0ms)
			ExecutionOrderSort2 (0ms)
			AwakeInstancesAfterBackupRestoration (2ms)
Platform modules already initialized, skipping
Refreshing native plugins compatible for Editor in 0.89 ms, found 3 plugins.
Preloading 0 native plugins for Editor in 0.00 ms.
Unloading 2154 Unused Serialized files (Serialized files now loaded: 0)
System memory in use before: 100.0 MB.
System memory in use after: 100.1 MB.

Unloading 18 unused Assets to reduce memory usage. Loaded Objects now: 2658.
Total: 3.926100 ms (FindLiveObjects: 0.264600 ms CreateObjectMapping: 0.112000 ms MarkObjects: 3.441100 ms  DeleteObjects: 0.106500 ms)

AssetImportParameters requested are different than current active one (requested -> active):
  custom:framework-win-MediaFoundation: 216162199b28c13a410421893ffa2e32 -> 
  custom:video-decoder-ogg-theora: a1e56fd34408186e4bbccfd4996cb3dc -> 
  custom:container-muxer-webm: aa71ff27fc2769a1b78a27578f13a17b -> 
  custom:container-demuxer-webm: 4f35f7cbe854078d1ac9338744f61a02 -> 
  custom:container-demuxer-ogg: 62fdf1f143b41e24485cea50d1cbac27 -> 
  custom:video-encoder-webm-vp8: eb34c28f22e8b96e1ab97ce403110664 -> 
  custom:video-decoder-webm-vp8: 9c59270c3fd7afecdb556c50c9e8de78 -> 
  custom:audio-decoder-ogg-vorbis: bf7c407c2cedff20999df2af8eb42d56 -> 
  custom:audio-encoder-webm-vorbis: bf7c407c2cedff20999df2af8eb42d56 -> 
========================================================================
Received Import Request.
  Time since last request: 116.589867 seconds.
  path: Assets/Sprites/Enemies/Robot/skeleton-GetHit_0.png
  artifactKey: Guid(9f5e351c295aa7d5dac3b2cea5f78f0c) Importer(815301076,1909f56bfc062723c751e8b465ee728b)
Start importing Assets/Sprites/Enemies/Robot/skeleton-GetHit_0.png using Guid(9f5e351c295aa7d5dac3b2cea5f78f0c) Importer(815301076,1909f56bfc062723c751e8b465ee728b)  -> (artifact id: 'ab3a2458c7fca006f18acc917496c74f') in 0.053092 seconds 
========================================================================
Received Import Request.
  Time since last request: 4.294871 seconds.
  path: Assets/Sprites/Enemies/Stone monster/rockDemon-attack1_00.png
  artifactKey: Guid(ff0563521108b70f580812ce49fb3b7a) Importer(815301076,1909f56bfc062723c751e8b465ee728b)
Start importing Assets/Sprites/Enemies/Stone monster/rockDemon-attack1_00.png using Guid(ff0563521108b70f580812ce49fb3b7a) Importer(815301076,1909f56bfc062723c751e8b465ee728b)  -> (artifact id: '721704f2730bd83a7bef2d6fd5e1f950') in 0.020898 seconds 
========================================================================
Received Import Request.
  Time since last request: 0.877500 seconds.
  path: Assets/Sprites/Enemies/Stone monster/rockDemon-attack1_01.png
  artifactKey: Guid(1103e6ab3bd20248579793052af8431c) Importer(815301076,1909f56bfc062723c751e8b465ee728b)
Start importing Assets/Sprites/Enemies/Stone monster/rockDemon-attack1_01.png using Guid(1103e6ab3bd20248579793052af8431c) Importer(815301076,1909f56bfc062723c751e8b465ee728b)  -> (artifact id: '33d9c9cd4c44759960c1d4c2811c61c6') in 0.020241 seconds 
========================================================================
Received Import Request.
  Time since last request: 16.748170 seconds.
  path: Assets/Sprites/Enemies/Worm Spawner/skeleton-Attack_06.png
  artifactKey: Guid(f063d91dc1a2d7485c687ff0f50fd075) Importer(815301076,1909f56bfc062723c751e8b465ee728b)
Start importing Assets/Sprites/Enemies/Worm Spawner/skeleton-Attack_06.png using Guid(f063d91dc1a2d7485c687ff0f50fd075) Importer(815301076,1909f56bfc062723c751e8b465ee728b)  -> (artifact id: '3840289c02578cd074cf183d63be197f') in 0.015951 seconds 
========================================================================
Received Import Request.
  Time since last request: 0.733972 seconds.
  path: Assets/Sprites/Enemies/Worm Spawner/skeleton-Attack_10.png
  artifactKey: Guid(131c0f89f3c962944d2b45094933b213) Importer(815301076,1909f56bfc062723c751e8b465ee728b)
Start importing Assets/Sprites/Enemies/Worm Spawner/skeleton-Attack_10.png using Guid(131c0f89f3c962944d2b45094933b213) Importer(815301076,1909f56bfc062723c751e8b465ee728b)  -> (artifact id: 'ccd6b8ad1e3ec005e15dff233ee6fd89') in 0.015963 seconds 
========================================================================
Received Import Request.
  Time since last request: 149.152847 seconds.
  path: Assets/Sprites/Enemies/Stone monster/rockDemon-skill1_13.png
  artifactKey: Guid(67767b808464df6538185519bba20999) Importer(815301076,1909f56bfc062723c751e8b465ee728b)
Start importing Assets/Sprites/Enemies/Stone monster/rockDemon-skill1_13.png using Guid(67767b808464df6538185519bba20999) Importer(815301076,1909f56bfc062723c751e8b465ee728b)  -> (artifact id: '7b0a58c3ba74bc43098cd6038c687c8f') in 0.020094 seconds 
========================================================================
Received Import Request.
  Time since last request: 1.078323 seconds.
  path: Assets/Sprites/Enemies/Stone monster/rockDemon-skill1_14.png
  artifactKey: Guid(89077954afb0cc657e73a0b34e6f695f) Importer(815301076,1909f56bfc062723c751e8b465ee728b)
Start importing Assets/Sprites/Enemies/Stone monster/rockDemon-skill1_14.png using Guid(89077954afb0cc657e73a0b34e6f695f) Importer(815301076,1909f56bfc062723c751e8b465ee728b)  -> (artifact id: '9c9f75ad19e312b9cea58f5e19d10a11') in 0.019341 seconds 
========================================================================
Received Import Request.
  Time since last request: 0.495409 seconds.
  path: Assets/Sprites/Enemies/Stone monster/rockDemon-skill1_07.png
  artifactKey: Guid(058ebe783dfd4563b6ce2a61d4918475) Importer(815301076,1909f56bfc062723c751e8b465ee728b)
Start importing Assets/Sprites/Enemies/Stone monster/rockDemon-skill1_07.png using Guid(058ebe783dfd4563b6ce2a61d4918475) Importer(815301076,1909f56bfc062723c751e8b465ee728b)  -> (artifact id: '8ce052d14796f3e09e2906fa221dfc7f') in 0.019669 seconds 
========================================================================
Received Import Request.
  Time since last request: 0.719894 seconds.
  path: Assets/Sprites/Enemies/Stone monster/rockDemon-run_15.png
  artifactKey: Guid(087a026b6fb36e8918b79fcdff374418) Importer(815301076,1909f56bfc062723c751e8b465ee728b)
Start importing Assets/Sprites/Enemies/Stone monster/rockDemon-run_15.png using Guid(087a026b6fb36e8918b79fcdff374418) Importer(815301076,1909f56bfc062723c751e8b465ee728b)  -> (artifact id: '1d010a210a57c9c8dc3eff569fd31c26') in 0.028556 seconds 
========================================================================
Received Import Request.
  Time since last request: 0.545204 seconds.
  path: Assets/Sprites/Enemies/Stone monster/rockDemon-idle_09.png
  artifactKey: Guid(f416790252446efc4f00e4be629f1396) Importer(815301076,1909f56bfc062723c751e8b465ee728b)
Start importing Assets/Sprites/Enemies/Stone monster/rockDemon-idle_09.png using Guid(f416790252446efc4f00e4be629f1396) Importer(815301076,1909f56bfc062723c751e8b465ee728b)  -> (artifact id: 'd9c7db99a22a369802bce97ef9c24e67') in 0.028288 seconds 
========================================================================
Received Import Request.
  Time since last request: 0.495053 seconds.
  path: Assets/Sprites/Enemies/Stone monster/rockDemon-hurt2_1.png
  artifactKey: Guid(54390872452289fecb4fedc05196b436) Importer(815301076,1909f56bfc062723c751e8b465ee728b)
Start importing Assets/Sprites/Enemies/Stone monster/rockDemon-hurt2_1.png using Guid(54390872452289fecb4fedc05196b436) Importer(815301076,1909f56bfc062723c751e8b465ee728b)  -> (artifact id: '4a9db46a7986b943c0eeec498fda95ef') in 0.020117 seconds 
========================================================================
Received Import Request.
  Time since last request: 107.182895 seconds.
  path: ProjectSettings/TagManager.asset
  artifactKey: Guid(00000000000000003000000000000000) Importer(815301076,1909f56bfc062723c751e8b465ee728b)
Start importing ProjectSettings/TagManager.asset using Guid(00000000000000003000000000000000) Importer(815301076,1909f56bfc062723c751e8b465ee728b)  -> (artifact id: '94d52cfd38ab5eb43a5d79f66dbf93df') in 0.008006 seconds 
========================================================================
Received Import Request.
  Time since last request: 104.184507 seconds.
  path: Assets/Sprites/Other/Cannon.png
  artifactKey: Guid(69594e8ec5ccdae0fc2fd66529ed95ce) Importer(815301076,1909f56bfc062723c751e8b465ee728b)
Start importing Assets/Sprites/Other/Cannon.png using Guid(69594e8ec5ccdae0fc2fd66529ed95ce) Importer(815301076,1909f56bfc062723c751e8b465ee728b)  -> (artifact id: '0d15542362a33ee91b050bc3d9fbc10a') in 0.010507 seconds 
========================================================================
Received Import Request.
  Time since last request: 29.408609 seconds.
  path: Assets/Sprites/Other/Cannon.png
  artifactKey: Guid(69594e8ec5ccdae0fc2fd66529ed95ce) Importer(815301076,1909f56bfc062723c751e8b465ee728b)
Start importing Assets/Sprites/Other/Cannon.png using Guid(69594e8ec5ccdae0fc2fd66529ed95ce) Importer(815301076,1909f56bfc062723c751e8b465ee728b)  -> (artifact id: 'fea4f0d964a2dbe69df429652e26a4de') in 0.023827 seconds 
========================================================================
Received Import Request.
  Time since last request: 69.729323 seconds.
  path: Assets/Sprites/Other/Cannon.png
  artifactKey: Guid(69594e8ec5ccdae0fc2fd66529ed95ce) Importer(815301076,1909f56bfc062723c751e8b465ee728b)
Start importing Assets/Sprites/Other/Cannon.png using Guid(69594e8ec5ccdae0fc2fd66529ed95ce) Importer(815301076,1909f56bfc062723c751e8b465ee728b)  -> (artifact id: '7117b2998aa913238e69cb15474d4f59') in 0.024370 seconds 
========================================================================
Received Prepare
Registering precompiled user dll's ...
Registered in 0.002497 seconds.
Begin MonoManager ReloadAssembly
Native extension for WindowsStandalone target not found
Refreshing native plugins compatible for Editor in 0.54 ms, found 3 plugins.
Preloading 0 native plugins for Editor in 0.00 ms.
Mono: successfully reloaded assembly
- Completed reload, in  0.948 seconds
Domain Reload Profiling:
	ReloadAssembly (948ms)
		BeginReloadAssembly (103ms)
			ExecutionOrderSort (0ms)
			DisableScriptedObjects (5ms)
			BackupInstance (0ms)
			ReleaseScriptingObjects (0ms)
			CreateAndSetChildDomain (34ms)
		EndReloadAssembly (790ms)
			LoadAssemblies (82ms)
			RebuildTransferFunctionScriptingTraits (0ms)
			SetupTypeCache (259ms)
			ReleaseScriptCaches (1ms)
			RebuildScriptCaches (41ms)
			SetupLoadedEditorAssemblies (335ms)
				LogAssemblyErrors (0ms)
				InitializePlatformSupportModulesInManaged (4ms)
				SetLoadedEditorAssemblies (0ms)
				RefreshPlugins (1ms)
				BeforeProcessingInitializeOnLoad (71ms)
				ProcessInitializeOnLoadAttributes (245ms)
				ProcessInitializeOnLoadMethodAttributes (11ms)
				AfterProcessingInitializeOnLoad (4ms)
				EditorAssembliesLoaded (0ms)
			ExecutionOrderSort2 (0ms)
			AwakeInstancesAfterBackupRestoration (3ms)
Platform modules already initialized, skipping
Refreshing native plugins compatible for Editor in 0.58 ms, found 3 plugins.
Preloading 0 native plugins for Editor in 0.00 ms.
Unloading 2154 Unused Serialized files (Serialized files now loaded: 0)
System memory in use before: 100.0 MB.
System memory in use after: 100.1 MB.

Unloading 19 unused Assets to reduce memory usage. Loaded Objects now: 2666.
Total: 3.522600 ms (FindLiveObjects: 0.264900 ms CreateObjectMapping: 0.113200 ms MarkObjects: 3.032200 ms  DeleteObjects: 0.110500 ms)

AssetImportParameters requested are different than current active one (requested -> active):
  custom:framework-win-MediaFoundation: 216162199b28c13a410421893ffa2e32 -> 
  custom:video-decoder-ogg-theora: a1e56fd34408186e4bbccfd4996cb3dc -> 
  custom:container-muxer-webm: aa71ff27fc2769a1b78a27578f13a17b -> 
  custom:container-demuxer-webm: 4f35f7cbe854078d1ac9338744f61a02 -> 
  custom:container-demuxer-ogg: 62fdf1f143b41e24485cea50d1cbac27 -> 
  custom:video-encoder-webm-vp8: eb34c28f22e8b96e1ab97ce403110664 -> 
  custom:video-decoder-webm-vp8: 9c59270c3fd7afecdb556c50c9e8de78 -> 
  custom:audio-decoder-ogg-vorbis: bf7c407c2cedff20999df2af8eb42d56 -> 
  custom:audio-encoder-webm-vorbis: bf7c407c2cedff20999df2af8eb42d56 -> 
AssetImportWorkerClient::OnTransportError - code=2 error=End of file
